Entering 'dunst'
Everything up-to-date
Entering 'hypr'
[main 6ba0302] auto: weekly push 2026-03-13
 1 file changed, 5 insertions(+)
To github.com:Hugo-Fabresse/dotfiles-hypr.git
   a7fb871..6ba0302  main -> main
Entering 'kitty'
Everything up-to-date
Entering 'nvim'
Everything up-to-date
Entering 'waybar'
Everything up-to-date
Entering 'wofi'
Everything up-to-date
Entering 'zsh'
Everything up-to-date
[main 05fb20c] auto: weekly push 2026-03-13
 3 files changed, 24 insertions(+), 1 deletion(-)
 create mode 100644 scripts/autopush.log
 create mode 100755 scripts/cliphist.sh
To github.com:Hugo-Fabresse/dotfiles.git
   7af4946..05fb20c  main -> main
Entering 'dentry'
fatal: unable to access 'https://github.com/Hugo-Fabresse/dentry/': Could not resolve host: github.com
fatal: run_command returned non-zero status for dentry
.
